<?xml version="1.0" encoding="UTF-8"?>
<!-- Generated by org.testng.reporters.JUnitXMLReporter -->
<testsuite hostname="LAPTOP-3M2SMPJP" ignored="4" name="Test" tests="4" failures="0" timestamp="20 Feb 2023 14:02:39 GMT" time="0.173" errors="0">
  <testcase name="test2" time="0.037" classname="org.bbc.IncludeEX"/>
  <testcase name="test3" time="0.007" classname="org.bbc.IncludeEX"/>
  <testcase name="test13" time="0.006" classname="org.bbc.IncludeEx1"/>
  <testcase name="test14" time="0.005" classname="org.bbc.IncludeEx1"/>
  <testcase name="test4" time="0.0" classname="org.bbc.IncludeEX">
    <ignored/>
  </testcase> <!-- test4 -->
  <testcase name="test1" time="0.0" classname="org.bbc.IncludeEX">
    <ignored/>
  </testcase> <!-- test1 -->
  <testcase name="test12" time="0.0" classname="org.bbc.IncludeEx1">
    <ignored/>
  </testcase> <!-- test12 -->
  <testcase name="test11" time="0.0" classname="org.bbc.IncludeEx1">
    <ignored/>
  </testcase> <!-- test11 -->
</testsuite> <!-- Test -->
