<?xml version="1.0" encoding="UTF-8"?>
<!-- Generated by org.testng.reporters.JUnitXMLReporter -->
<testsuite hostname="LAPTOP-3M2SMPJP" ignored="0" name="Default test(failed)(failed)" tests="1" failures="1" timestamp="20 Feb 2023 04:31:21 GMT" time="14.358" errors="0">
  <testcase name="test" time="14.254" classname="org.bbc.AssertTestng">
    <failure type="java.lang.AssertionError" message="The following asserts failed:
	Verify Url expected [greens123] but found [greens@123]">
      <![CDATA[java.lang.AssertionError: The following asserts failed:
Verify Url expected [greens123] but found [greens@123]
at org.bbc.AssertTestng.test(AssertTestng.java:35)
... Removed 26 stack frames]]>
    </failure>
  </testcase> <!-- test -->
</testsuite> <!-- Default test(failed)(failed) -->
